Thu Jun 22 16:57:00 2017
reading makeImage.inputs...
------Using inputs specified in makeImage.inputs
###################################################
--------------Imaging Parameters-------------------
{'Stokes': 'I', 'kernel_support': 15, 'kernel': 'wkernel', 'ff_size': 128, 'loopGain': 0.1, 'thresh': 1.0, 'over_sampling': 4, 'niter': 0, 'imageSize': 4096, 'cellsize': 5.0, 'wplanes': 1, 'nmajor': 1, 'tinc': 5.0, 'Acache': './Acache/'}
###################################################
###################################################
--------------File Names-------------------
{'wdir': './fits/', 'imagename': 'test_image_majorcycle_pad_fft', 'uvfitsfile': 'DVA1-noPB_12hrs_cent_noise.fitsidi'}
###################################################
Obtaining uvw coords, time and freq data
Visibility data type =  FITSIDI
Visibility data type =  FITSIDI
getting Array info
converting normal time to HA
Visibility data type =  FITSIDI
extracting polarisation visibilities
no cleaning, generating dirty image
--------------Gridding X stokes--------------------
fov (degrees): 5.68888888889
--------------Gridding Y stokes--------------------
fov (degrees): 5.68888888889
getting fits header info
Visibility data type =  FITSIDI
Writing image file to: ./fits/test_image_majorcycle_pad_fft_dirtyimage_real.fits
getting fits header info
Visibility data type =  FITSIDI
Writing image file to: ./fits/test_image_majorcycle_pad_fft_dirtypsf_real.fits
-------------PyImager appears to have ended successfully-----------------
############# Time taken = 3.8922 mins #####################
Thu Jun 22 17:00:53 2017
TOTAL TIME IN MINUTES: 3.8921722134
