Thu Jun 22 16:00:04 2017
reading makeImage.inputs...
------Using inputs specified in makeImage.inputs
###################################################
--------------Imaging Parameters-------------------
{'Stokes': 'I', 'kernel_support': 15, 'kernel': 'wkernel', 'ff_size': 128, 'loopGain': 0.1, 'thresh': 1.0, 'over_sampling': 4, 'niter': 10, 'imageSize': 4096, 'cellsize': 5.0, 'wplanes': 1, 'nmajor': 1, 'tinc': 5.0, 'Acache': './Acache/'}
###################################################
###################################################
--------------File Names-------------------
{'wdir': './fits/', 'imagename': 'test_image_majorcycle_pad_fft', 'uvfitsfile': 'DVA1-noPB_12hrs_cent_noise.fitsidi'}
###################################################
Obtaining uvw coords, time and freq data
Visibility data type =  FITSIDI
Visibility data type =  FITSIDI
getting Array info
converting normal time to HA
Visibility data type =  FITSIDI
extracting polarisation visibilities
Doing CLEAN ...
--------------Gridding X stokes--------------------
fov (degrees): 5.68888888889
--------------Gridding Y stokes--------------------
fov (degrees): 5.68888888889
getting fits header info
Visibility data type =  FITSIDI
Writing image file to: dirtypsf.fits
